<?xml version="1.0" encoding="UTF-8"?>
<testsuite name="com.rafaellbarros.security.SecurityApplicationTests" tests="1" skipped="0" failures="0" errors="0" timestamp="2025-07-23T23:14:08.802Z" hostname="PDPF3256" time="0.44">
  <properties/>
  <testcase name="contextLoads()" classname="com.rafaellbarros.security.SecurityApplicationTests" time="0.44"/>
  <system-out><![CDATA[20:14:03.522 [Test worker] INFO org.springframework.test.context.support.AnnotationConfigContextLoaderUtils -- Could not detect default configuration classes for test class [com.rafaellbarros.security.SecurityApplicationTests]: SecurityApplicationTests does not declare any static, non-private, non-final, nested classes annotated with @Configuration.
20:14:03.607 [Test worker] INFO org.springframework.boot.test.context.SpringBootTestContextBootstrapper -- Found @SpringBootConfiguration com.rafaellbarros.security.SecurityApplication for test class com.rafaellbarros.security.SecurityApplicationTests

  .   ____          _            __ _ _
 /\\ / ___'_ __ _ _(_)_ __  __ _ \ \ \ \
( ( )\___ | '_ | '_| | '_ \/ _` | \ \ \ \
 \\/  ___)| |_)| | | | | || (_| |  ) ) ) )
  '  |____| .__|_| |_|_| |_\__, | / / / /
 =========|_|==============|___/=/_/_/_/

 :: Spring Boot ::                (v3.5.3)

2025-07-23T20:14:03.935-03:00  INFO 58431 --- [auth-core-api] [    Test worker] c.r.security.SecurityApplicationTests    : Starting SecurityApplicationTests using Java 21.0.2 with PID 58431 (started by rafael in /home/rafael/envs/dev/my/back-end/auth-core-api)
2025-07-23T20:14:03.936-03:00  INFO 58431 --- [auth-core-api] [    Test worker] c.r.security.SecurityApplicationTests    : No active profile set, falling back to 1 default profile: "default"
2025-07-23T20:14:04.572-03:00  INFO 58431 --- [auth-core-api] [    Test worker] .s.d.r.c.RepositoryConfigurationDelegate : Bootstrapping Spring Data JPA repositories in DEFAULT mode.
2025-07-23T20:14:04.620-03:00  INFO 58431 --- [auth-core-api] [    Test worker] .s.d.r.c.RepositoryConfigurationDelegate : Finished Spring Data repository scanning in 42 ms. Found 1 JPA repository interface.
2025-07-23T20:14:05.196-03:00  INFO 58431 --- [auth-core-api] [    Test worker] com.zaxxer.hikari.HikariDataSource       : HikariPool-1 - Starting...
2025-07-23T20:14:05.328-03:00  INFO 58431 --- [auth-core-api] [    Test worker] com.zaxxer.hikari.pool.HikariPool        : HikariPool-1 - Added connection org.postgresql.jdbc.PgConnection@4fd80300
2025-07-23T20:14:05.330-03:00  INFO 58431 --- [auth-core-api] [    Test worker] com.zaxxer.hikari.HikariDataSource       : HikariPool-1 - Start completed.
2025-07-23T20:14:05.360-03:00  INFO 58431 --- [auth-core-api] [    Test worker] org.flywaydb.core.FlywayExecutor         : Database: jdbc:postgresql://localhost:54329/auth_db (PostgreSQL 17.5)
2025-07-23T20:14:05.412-03:00  INFO 58431 --- [auth-core-api] [    Test worker] o.f.core.internal.command.DbValidate     : Successfully validated 1 migration (execution time 00:00.027s)
2025-07-23T20:14:05.459-03:00  INFO 58431 --- [auth-core-api] [    Test worker] o.f.core.internal.command.DbMigrate      : Current version of schema "public": 1
2025-07-23T20:14:05.461-03:00  INFO 58431 --- [auth-core-api] [    Test worker] o.f.core.internal.command.DbMigrate      : Schema "public" is up to date. No migration necessary.
2025-07-23T20:14:05.562-03:00  INFO 58431 --- [auth-core-api] [    Test worker] o.hibernate.jpa.internal.util.LogHelper  : HHH000204: Processing PersistenceUnitInfo [name: default]
2025-07-23T20:14:05.619-03:00  INFO 58431 --- [auth-core-api] [    Test worker] org.hibernate.Version                    : HHH000412: Hibernate ORM core version 6.6.18.Final
2025-07-23T20:14:05.653-03:00  INFO 58431 --- [auth-core-api] [    Test worker] o.h.c.internal.RegionFactoryInitiator    : HHH000026: Second-level cache disabled
2025-07-23T20:14:05.983-03:00  INFO 58431 --- [auth-core-api] [    Test worker] o.s.o.j.p.SpringPersistenceUnitInfo      : No LoadTimeWeaver setup: ignoring JPA class transformer
2025-07-23T20:14:06.063-03:00  WARN 58431 --- [auth-core-api] [    Test worker] org.hibernate.orm.deprecation            : HHH90000025: PostgreSQLDialect does not need to be specified explicitly using 'hibernate.dialect' (remove the property setting and it will be selected by default)
2025-07-23T20:14:06.077-03:00  INFO 58431 --- [auth-core-api] [    Test worker] org.hibernate.orm.connections.pooling    : HHH10001005: Database info:
	Database JDBC URL [Connecting through datasource 'HikariDataSource (HikariPool-1)']
	Database driver: undefined/unknown
	Database version: 17.5
	Autocommit mode: undefined/unknown
	Isolation level: undefined/unknown
	Minimum pool size: undefined/unknown
	Maximum pool size: undefined/unknown
2025-07-23T20:14:06.998-03:00  INFO 58431 --- [auth-core-api] [    Test worker] o.h.e.t.j.p.i.JtaPlatformInitiator       : HHH000489: No JTA platform available (set 'hibernate.transaction.jta.platform' to enable JTA platform integration)
2025-07-23T20:14:07.052-03:00  INFO 58431 --- [auth-core-api] [    Test worker] j.LocalContainerEntityManagerFactoryBean : Initialized JPA EntityManagerFactory for persistence unit 'default'
2025-07-23T20:14:07.840-03:00  WARN 58431 --- [auth-core-api] [    Test worker] JpaBaseConfiguration$JpaWebConfiguration : spring.jpa.open-in-view is enabled by default. Therefore, database queries may be performed during view rendering. Explicitly configure spring.jpa.open-in-view to disable this warning
2025-07-23T20:14:08.069-03:00  WARN 58431 --- [auth-core-api] [    Test worker] r$InitializeUserDetailsManagerConfigurer : Found 2 UserDetailsService beans, with names [userService, userDetailsService]. Global Authentication Manager will not use a UserDetailsService for username/password login. Consider publishing a single UserDetailsService bean.
2025-07-23T20:14:08.786-03:00  INFO 58431 --- [auth-core-api] [    Test worker] c.r.security.SecurityApplicationTests    : Started SecurityApplicationTests in 5.079 seconds (process running for 5.796)
]]></system-out>
  <system-err><![CDATA[Mockito is currently self-attaching to enable the inline-mock-maker. This will no longer work in future releases of the JDK. Please add Mockito as an agent to your build as described in Mockito's documentation: https://javadoc.io/doc/org.mockito/mockito-core/latest/org.mockito/org/mockito/Mockito.html#0.3
WARNING: A Java agent has been loaded dynamically (/home/rafael/.gradle/caches/modules-2/files-2.1/net.bytebuddy/byte-buddy-agent/1.17.6/17b32fd9f57deef02842f7f05abc4ad8127fe34e/byte-buddy-agent-1.17.6.jar)
WARNING: If a serviceability tool is in use, please run with -XX:+EnableDynamicAgentLoading to hide this warning
WARNING: If a serviceability tool is not in use, please run with -Djdk.instrument.traceUsage for more information
WARNING: Dynamic loading of agents will be disallowed by default in a future release
]]></system-err>
</testsuite>
